
Showing logs for build [32mcb-kubecd-environment-pr-192-6-mtgt5-1[0m stage [32mfrom-build-pack[0m and container [32mstep-credential-initializer-4s2xn[0m
{"level":"warn","ts":1585674357.1714532,"logger":"fallback-logger","caller":"logging/config.go:69","msg":"Fetch GitHub commit ID from kodata failed: \"ref: refs/heads/0.8.0-**-support-backwards-incompats\" is not a valid GitHub commit ID"}
{"level":"info","ts":1585674357.1760187,"logger":"fallback-logger","caller":"creds-init/main.go:40","msg":"Credentials initialized."}

Showing logs for build [32mcb-kubecd-environment-pr-192-6-mtgt5-1[0m stage [32mfrom-build-pack[0m and container [32mstep-working-dir-initializer-jdv8n[0m
{"level":"warn","ts":1585674357.8636932,"logger":"fallback-logger","caller":"logging/config.go:69","msg":"Fetch GitHub commit ID from kodata failed: open /var/run/ko/HEAD: no such file or directory"}
{"level":"info","ts":1585674357.8660204,"logger":"fallback-logger","caller":"bash/main.go:64","msg":"Successfully executed command \"sh -c mkdir -p /workspace/source\"; output "}

Showing logs for build [32mcb-kubecd-environment-pr-192-6-mtgt5-1[0m stage [32mfrom-build-pack[0m and container [32mstep-place-tools[0m

Showing logs for build [32mcb-kubecd-environment-pr-192-6-mtgt5-1[0m stage [32mfrom-build-pack[0m and container [32mstep-git-source-cb-kubecd-environment-pr-192-6-mtgt5-5tdm2[0m
{"level":"warn","ts":1585674363.9654691,"logger":"fallback-logger","caller":"logging/config.go:69","msg":"Fetch GitHub commit ID from kodata failed: \"ref: refs/heads/0.8.0-**-support-backwards-incompats\" is not a valid GitHub commit ID"}
{"level":"info","ts":1585674365.0591416,"logger":"fallback-logger","caller":"git/git.go:103","msg":"Successfully cloned https://github.com/cb-kubecd/environment-pr-192-6-boot-vault-gke-staging.git @ master in path /workspace/source"}

Showing logs for build [32mcb-kubecd-environment-pr-192-6-mtgt5-1[0m stage [32mfrom-build-pack[0m and container [32mstep-git-merge[0m
Using SHAs from PULL_REFS=master:03ec6f0a596db0f625429ea8856d0c782b4c129e,2:bc436cf0ea5e2b80fe396f981b60b56c20d75926
DEBUG: LC_ALL=C JX_LOG_LEVEL=error git fetch origin --unshallow bc436cf0ea5e2b80fe396f981b60b56c20d75926: 03ec6f0a596db0f625429ea8856d0c782b4c129e:
DEBUG: ran git fetch --unshallow origin bc436cf0ea5e2b80fe396f981b60b56c20d75926: 03ec6f0a596db0f625429ea8856d0c782b4c129e: in 
DEBUG: JX_LOG_LEVEL=error LC_ALL=C git branch
DEBUG: JX_LOG_LEVEL=error LC_ALL=C git checkout master
DEBUG: ran git checkout master in 
DEBUG: LC_ALL=C JX_LOG_LEVEL=error git reset --hard 03ec6f0a596db0f625429ea8856d0c782b4c129e
DEBUG: ran git reset --hard 03ec6f0a596db0f625429ea8856d0c782b4c129e in 
DEBUG: LC_ALL=C JX_LOG_LEVEL=error git clean -fd .
DEBUG: ran clean --force -d . in 
DEBUG: LC_ALL=C JX_LOG_LEVEL=error git merge bc436cf0ea5e2b80fe396f981b60b56c20d75926
DEBUG: ran git merge bc436cf0ea5e2b80fe396f981b60b56c20d75926 in 
DEBUG: LC_ALL=C JX_LOG_LEVEL=error git log --format=%H%x1f%an%x1f%ae%x1f%cn%x1f%ce%x1f%s%n%b%x1e 03ec6f0a596db0f625429ea8856d0c782b4c129e..HEAD
Merged SHA bc436cf0ea5e2b80fe396f981b60b56c20d75926 with commit message 'chore: Promote bdd-gh-1585674035 to version 0.0.1' into base branch master

Showing logs for build [32mcb-kubecd-environment-pr-192-6-mtgt5-1[0m stage [32mfrom-build-pack[0m and container [32mstep-build-helm-build[0m
WARNING: No $CHART_REPOSITORY defined so using the default value of: http://jenkins-x-chartmuseum:8080
Adding missing Helm repo: storage.googleapis.com https://storage.googleapis.com/chartmuseum.jenkins-x.io
WARNING: No secrets found on "helm/repos" due: reading the secret "helm/repos" from vault: no secret "helm/repos" not found in vault
Read credentials for https://storage.googleapis.com/chartmuseum.jenkins-x.io from vault helm/repos
Successfully added Helm repository storage.googleapis.com.
Adding missing Helm repo: jenkins-x-chartmuseum http://jenkins-x-chartmuseum:8080
WARNING: No secrets found on "helm/repos" due: reading the secret "helm/repos" from vault: no secret "helm/repos" not found in vault
Read credentials for http://jenkins-x-chartmuseum:8080 from vault helm/repos
Successfully added Helm repository jenkins-x-chartmuseum.
WARNING: No $CHART_REPOSITORY defined so using the default value of: http://jenkins-x-chartmuseum:8080
Adding missing Helm repo: chartmuseum.jenkins-x.io http://chartmuseum.jenkins-x.io
WARNING: No secrets found on "helm/repos" due: reading the secret "helm/repos" from vault: no secret "helm/repos" not found in vault
Read credentials for http://chartmuseum.jenkins-x.io from vault helm/repos
Successfully added Helm repository chartmuseum.jenkins-x.io.
