
Showing logs for build [32mcb-kubecd-environment-pr-192-6-x4zrq-1[0m stage [32mfrom-build-pack[0m and container [32mstep-credential-initializer-2pj2n[0m
{"level":"warn","ts":1585675950.611419,"logger":"fallback-logger","caller":"logging/config.go:69","msg":"Fetch GitHub commit ID from kodata failed: \"ref: refs/heads/0.8.0-**-support-backwards-incompats\" is not a valid GitHub commit ID"}
{"level":"info","ts":1585675950.61217,"logger":"fallback-logger","caller":"creds-init/main.go:40","msg":"Credentials initialized."}

Showing logs for build [32mcb-kubecd-environment-pr-192-6-x4zrq-1[0m stage [32mfrom-build-pack[0m and container [32mstep-working-dir-initializer-hbx8h[0m
{"level":"warn","ts":1585675951.068891,"logger":"fallback-logger","caller":"logging/config.go:69","msg":"Fetch GitHub commit ID from kodata failed: open /var/run/ko/HEAD: no such file or directory"}
{"level":"info","ts":1585675951.0702589,"logger":"fallback-logger","caller":"bash/main.go:64","msg":"Successfully executed command \"sh -c mkdir -p /workspace/source\"; output "}

Showing logs for build [32mcb-kubecd-environment-pr-192-6-x4zrq-1[0m stage [32mfrom-build-pack[0m and container [32mstep-place-tools[0m

Showing logs for build [32mcb-kubecd-environment-pr-192-6-x4zrq-1[0m stage [32mfrom-build-pack[0m and container [32mstep-git-source-cb-kubecd-environment-pr-192-6-x4zrq-69xqt[0m
{"level":"warn","ts":1585675955.2043545,"logger":"fallback-logger","caller":"logging/config.go:69","msg":"Fetch GitHub commit ID from kodata failed: \"ref: refs/heads/0.8.0-**-support-backwards-incompats\" is not a valid GitHub commit ID"}
{"level":"info","ts":1585675956.2241235,"logger":"fallback-logger","caller":"git/git.go:103","msg":"Successfully cloned https://github.com/cb-kubecd/environment-pr-192-6-boot-vault-gke-staging.git @ master in path /workspace/source"}

Showing logs for build [32mcb-kubecd-environment-pr-192-6-x4zrq-1[0m stage [32mfrom-build-pack[0m and container [32mstep-git-merge[0m
Using SHAs from PULL_REFS=master:97ef6d33fe25507658c55c25935eb8ccafe809c9,4:451e65e6ff426b7f02ba7e4395a4340975e8a179
DEBUG: LC_ALL=C JX_LOG_LEVEL=error git fetch origin --unshallow 451e65e6ff426b7f02ba7e4395a4340975e8a179: 97ef6d33fe25507658c55c25935eb8ccafe809c9:
DEBUG: ran git fetch --unshallow origin 451e65e6ff426b7f02ba7e4395a4340975e8a179: 97ef6d33fe25507658c55c25935eb8ccafe809c9: in 
DEBUG: LC_ALL=C JX_LOG_LEVEL=error git branch
DEBUG: LC_ALL=C JX_LOG_LEVEL=error git checkout master
DEBUG: ran git checkout master in 
DEBUG: LC_ALL=C JX_LOG_LEVEL=error git reset --hard 97ef6d33fe25507658c55c25935eb8ccafe809c9
DEBUG: ran git reset --hard 97ef6d33fe25507658c55c25935eb8ccafe809c9 in 
DEBUG: LC_ALL=C JX_LOG_LEVEL=error git clean -fd .
DEBUG: ran clean --force -d . in 
DEBUG: LC_ALL=C JX_LOG_LEVEL=error git merge 451e65e6ff426b7f02ba7e4395a4340975e8a179
DEBUG: ran git merge 451e65e6ff426b7f02ba7e4395a4340975e8a179 in 
DEBUG: LC_ALL=C JX_LOG_LEVEL=error git log --format=%H%x1f%an%x1f%ae%x1f%cn%x1f%ce%x1f%s%n%b%x1e 97ef6d33fe25507658c55c25935eb8ccafe809c9..HEAD
Merged SHA 451e65e6ff426b7f02ba7e4395a4340975e8a179 with commit message 'chore: Promote bdd-nh-1585674035 to version 0.0.1' into base branch master

Showing logs for build [32mcb-kubecd-environment-pr-192-6-x4zrq-1[0m stage [32mfrom-build-pack[0m and container [32mstep-build-helm-build[0m
WARNING: No $CHART_REPOSITORY defined so using the default value of: http://jenkins-x-chartmuseum:8080
Adding missing Helm repo: storage.googleapis.com https://storage.googleapis.com/chartmuseum.jenkins-x.io
WARNING: No secrets found on "helm/repos" due: reading the secret "helm/repos" from vault: no secret "helm/repos" not found in vault
Read credentials for https://storage.googleapis.com/chartmuseum.jenkins-x.io from vault helm/repos
Successfully added Helm repository storage.googleapis.com.
Adding missing Helm repo: jenkins-x-chartmuseum http://jenkins-x-chartmuseum:8080
WARNING: No secrets found on "helm/repos" due: reading the secret "helm/repos" from vault: no secret "helm/repos" not found in vault
Read credentials for http://jenkins-x-chartmuseum:8080 from vault helm/repos
Successfully added Helm repository jenkins-x-chartmuseum.
WARNING: No $CHART_REPOSITORY defined so using the default value of: http://jenkins-x-chartmuseum:8080
Adding missing Helm repo: chartmuseum.jenkins-x.io http://chartmuseum.jenkins-x.io
WARNING: No secrets found on "helm/repos" due: reading the secret "helm/repos" from vault: no secret "helm/repos" not found in vault
Read credentials for http://chartmuseum.jenkins-x.io from vault helm/repos
Successfully added Helm repository chartmuseum.jenkins-x.io.
